[1022/163923.942:ERROR:directory_reader_win.cc(43)] FindFirstFile: The system cannot find the path specified. (0x3)
[1022/171902.096:ERROR:directory_reader_win.cc(43)] FindFirstFile: The system cannot find the path specified. (0x3)
[1022/172047.634:ERROR:directory_reader_win.cc(43)] FindFirstFile: The system cannot find the path specified. (0x3)
[1022/173724.555:ERROR:process_reader_win.cc(151)] SuspendThread: Access is denied. (0x5)
[1022/173724.556:ERROR:process_reader_win.cc(151)] SuspendThread: Access is denied. (0x5)
[1022/173724.556:ERROR:process_reader_win.cc(123)] NtOpenThread: {Access Denied} A process has requested access to an object, but has not been granted those access rights. (0xc0000022)
[1022/173724.557:ERROR:exception_snapshot_win.cc(99)] thread ID 6188 not found in process
[1022/173724.557:ERROR:process_reader_win.cc(151)] SuspendThread: Access is denied. (0x5)
[1022/173724.557:ERROR:process_reader_win.cc(151)] SuspendThread: Access is denied. (0x5)
[1022/173724.557:ERROR:process_reader_win.cc(123)] NtOpenThread: {Access Denied} A process has requested access to an object, but has not been granted those access rights. (0xc0000022)
[1022/173724.558:ERROR:exception_snapshot_win.cc(99)] thread ID 4340 not found in process
[1022/173724.607:ERROR:process_reader_win.cc(151)] SuspendThread: Access is denied. (0x5)
[1022/173724.608:ERROR:process_reader_win.cc(151)] SuspendThread: Access is denied. (0x5)
[1022/173724.608:ERROR:process_reader_win.cc(151)] SuspendThread: Access is denied. (0x5)
[1022/173724.608:ERROR:process_reader_win.cc(151)] SuspendThread: Access is denied. (0x5)
[1022/173724.608:ERROR:process_reader_win.cc(151)] SuspendThread: Access is denied. (0x5)
[1022/173724.608:ERROR:process_reader_win.cc(151)] SuspendThread: Access is denied. (0x5)
[1022/173724.608:ERROR:process_reader_win.cc(151)] SuspendThread: Access is denied. (0x5)
[1022/173724.608:ERROR:process_reader_win.cc(151)] SuspendThread: Access is denied. (0x5)
[1022/173724.608:ERROR:process_reader_win.cc(151)] SuspendThread: Access is denied. (0x5)
[1022/173724.608:ERROR:process_reader_win.cc(151)] SuspendThread: Access is denied. (0x5)
[1022/173724.608:ERROR:process_reader_win.cc(151)] SuspendThread: Access is denied. (0x5)
[1022/173724.608:ERROR:process_reader_win.cc(123)] NtOpenThread: {Access Denied} A process has requested access to an object, but has not been granted those access rights. (0xc0000022)
[1022/173724.608:ERROR:exception_snapshot_win.cc(99)] thread ID 17772 not found in process
[1022/173724.627:ERROR:process_reader_win.cc(151)] SuspendThread: Access is denied. (0x5)
[1022/173724.627:ERROR:process_reader_win.cc(151)] SuspendThread: Access is denied. (0x5)
[1022/173724.627:ERROR:process_reader_win.cc(151)] SuspendThread: Access is denied. (0x5)
[1022/173724.627:ERROR:process_reader_win.cc(151)] SuspendThread: Access is denied. (0x5)
[1022/173724.627:ERROR:process_reader_win.cc(151)] SuspendThread: Access is denied. (0x5)
[1022/173724.627:ERROR:process_reader_win.cc(151)] SuspendThread: Access is denied. (0x5)
[1022/173724.627:ERROR:process_reader_win.cc(151)] SuspendThread: Access is denied. (0x5)
[1022/173724.627:ERROR:process_reader_win.cc(151)] SuspendThread: Access is denied. (0x5)
[1022/173724.628:ERROR:process_reader_win.cc(151)] SuspendThread: Access is denied. (0x5)
[1022/173724.628:ERROR:process_reader_win.cc(151)] SuspendThread: Access is denied. (0x5)
[1022/173724.628:ERROR:process_reader_win.cc(151)] SuspendThread: Access is denied. (0x5)
[1022/173724.628:ERROR:process_reader_win.cc(151)] SuspendThread: Access is denied. (0x5)
[1022/173724.628:ERROR:process_reader_win.cc(151)] SuspendThread: Access is denied. (0x5)
[1022/173724.628:ERROR:process_reader_win.cc(123)] NtOpenThread: {Access Denied} A process has requested access to an object, but has not been granted those access rights. (0xc0000022)
[1022/173724.628:ERROR:exception_snapshot_win.cc(99)] thread ID 2068 not found in process
[1022/173724.894:ERROR:process_reader_win.cc(151)] SuspendThread: Access is denied. (0x5)
[1022/173724.894:ERROR:process_reader_win.cc(151)] SuspendThread: Access is denied. (0x5)
[1022/173724.894:ERROR:process_reader_win.cc(151)] SuspendThread: Access is denied. (0x5)
[1022/173724.894:ERROR:process_reader_win.cc(151)] SuspendThread: Access is denied. (0x5)
[1022/173724.894:ERROR:process_reader_win.cc(151)] SuspendThread: Access is denied. (0x5)
[1022/173724.894:ERROR:process_reader_win.cc(151)] SuspendThread: Access is denied. (0x5)
[1022/173724.894:ERROR:process_reader_win.cc(151)] SuspendThread: Access is denied. (0x5)
[1022/173724.894:ERROR:process_reader_win.cc(151)] SuspendThread: Access is denied. (0x5)
[1022/173724.894:ERROR:process_reader_win.cc(151)] SuspendThread: Access is denied. (0x5)
[1022/173724.894:ERROR:process_reader_win.cc(151)] SuspendThread: Access is denied. (0x5)
[1022/173724.894:ERROR:process_reader_win.cc(151)] SuspendThread: Access is denied. (0x5)
[1022/173724.894:ERROR:process_reader_win.cc(151)] SuspendThread: Access is denied. (0x5)
[1022/173724.894:ERROR:process_reader_win.cc(123)] NtOpenThread: {Access Denied} A process has requested access to an object, but has not been granted those access rights. (0xc0000022)
[1022/173724.895:ERROR:exception_snapshot_win.cc(99)] thread ID 5332 not found in process
[1023/010517.141:ERROR:directory_reader_win.cc(43)] FindFirstFile: The system cannot find the path specified. (0x3)
[1023/010707.361:ERROR:directory_reader_win.cc(43)] FindFirstFile: The system cannot find the path specified. (0x3)
[1023/011514.344:ERROR:directory_reader_win.cc(43)] FindFirstFile: The system cannot find the path specified. (0x3)
[1023/062641.425:ERROR:directory_reader_win.cc(43)] FindFirstFile: The system cannot find the path specified. (0x3)
[1023/062850.707:ERROR:directory_reader_win.cc(43)] FindFirstFile: The system cannot find the path specified. (0x3)
[1023/102823.026:ERROR:directory_reader_win.cc(43)] FindFirstFile: The system cannot find the path specified. (0x3)
[1023/103731.615:ERROR:directory_reader_win.cc(43)] FindFirstFile: The system cannot find the path specified. (0x3)
[1023/150614.596:ERROR:file_io_win.cc(180)] CreateFile C:\Users\THISMC~1\AppData\Local\Temp\scoped_dir15216_954484129\Crashpad\settings.dat: The process cannot access the file because it is being used by another process. (0x20)
[1023/151251.977:ERROR:directory_reader_win.cc(43)] FindFirstFile: The system cannot find the path specified. (0x3)
[1023/151712.343:ERROR:directory_reader_win.cc(43)] FindFirstFile: The system cannot find the path specified. (0x3)
[1023/165905.349:ERROR:directory_reader_win.cc(43)] FindFirstFile: The system cannot find the path specified. (0x3)
[1023/170235.687:ERROR:directory_reader_win.cc(43)] FindFirstFile: The system cannot find the path specified. (0x3)
[1023/170337.069:ERROR:directory_reader_win.cc(43)] FindFirstFile: The system cannot find the path specified. (0x3)
[1023/171106.202:ERROR:directory_reader_win.cc(43)] FindFirstFile: The system cannot find the path specified. (0x3)
[1023/172056.302:ERROR:directory_reader_win.cc(43)] FindFirstFile: The system cannot find the path specified. (0x3)
[1023/211411.989:ERROR:directory_reader_win.cc(43)] FindFirstFile: The system cannot find the path specified. (0x3)
[1023/211505.430:ERROR:directory_reader_win.cc(43)] FindFirstFile: The system cannot find the path specified. (0x3)
[1023/211612.002:ERROR:directory_reader_win.cc(43)] FindFirstFile: The system cannot find the path specified. (0x3)
[1023/214343.406:ERROR:file_io_win.cc(180)] CreateFile C:\Users\THISMC~1\AppData\Local\Temp\scoped_dir6492_1845370555\Crashpad\settings.dat: The process cannot access the file because it is being used by another process. (0x20)
[1023/215343.406:ERROR:directory_reader_win.cc(43)] FindFirstFile: The system cannot find the path specified. (0x3)
[1023/220940.887:ERROR:directory_reader_win.cc(43)] FindFirstFile: The system cannot find the path specified. (0x3)
[1023/232517.846:ERROR:process_reader_win.cc(151)] SuspendThread: Access is denied. (0x5)
[1023/232517.848:ERROR:process_reader_win.cc(123)] NtOpenThread: {Access Denied} A process has requested access to an object, but has not been granted those access rights. (0xc0000022)
[1023/232517.849:ERROR:exception_snapshot_win.cc(99)] thread ID 8796 not found in process
[1023/232517.851:ERROR:process_reader_win.cc(151)] SuspendThread: Access is denied. (0x5)
[1023/232517.852:ERROR:process_reader_win.cc(123)] NtOpenThread: {Access Denied} A process has requested access to an object, but has not been granted those access rights. (0xc0000022)
[1023/232517.852:ERROR:exception_snapshot_win.cc(99)] thread ID 11508 not found in process
[1023/232517.853:ERROR:process_reader_win.cc(151)] SuspendThread: Access is denied. (0x5)
[1023/232517.854:ERROR:process_reader_win.cc(123)] NtOpenThread: {Access Denied} A process has requested access to an object, but has not been granted those access rights. (0xc0000022)
[1023/232517.855:ERROR:exception_snapshot_win.cc(99)] thread ID 2248 not found in process
[1023/232517.859:ERROR:process_reader_win.cc(151)] SuspendThread: Access is denied. (0x5)
[1023/232517.860:ERROR:process_reader_win.cc(151)] SuspendThread: Access is denied. (0x5)
[1023/232517.861:ERROR:process_reader_win.cc(123)] NtOpenThread: {Access Denied} A process has requested access to an object, but has not been granted those access rights. (0xc0000022)
[1023/232517.861:ERROR:exception_snapshot_win.cc(99)] thread ID 17504 not found in process
[1023/232517.869:ERROR:process_reader_win.cc(151)] SuspendThread: Access is denied. (0x5)
[1023/232517.875:ERROR:process_reader_win.cc(123)] NtOpenThread: {Access Denied} A process has requested access to an object, but has not been granted those access rights. (0xc0000022)
[1023/232517.876:ERROR:exception_snapshot_win.cc(99)] thread ID 17972 not found in process
[1023/232517.937:ERROR:process_reader_win.cc(151)] SuspendThread: Access is denied. (0x5)
[1023/232517.937:ERROR:process_reader_win.cc(151)] SuspendThread: Access is denied. (0x5)
[1023/232517.937:ERROR:process_reader_win.cc(151)] SuspendThread: Access is denied. (0x5)
[1023/232517.937:ERROR:process_reader_win.cc(151)] SuspendThread: Access is denied. (0x5)
[1023/232517.937:ERROR:process_reader_win.cc(151)] SuspendThread: Access is denied. (0x5)
[1023/232517.938:ERROR:process_reader_win.cc(151)] SuspendThread: Access is denied. (0x5)
[1023/232517.938:ERROR:process_reader_win.cc(151)] SuspendThread: Access is denied. (0x5)
[1023/232517.938:ERROR:process_reader_win.cc(151)] SuspendThread: Access is denied. (0x5)
[1023/232517.938:ERROR:process_reader_win.cc(151)] SuspendThread: Access is denied. (0x5)
[1023/232517.938:ERROR:process_reader_win.cc(151)] SuspendThread: Access is denied. (0x5)
[1023/232517.938:ERROR:process_reader_win.cc(151)] SuspendThread: Access is denied. (0x5)
[1023/232517.938:ERROR:process_reader_win.cc(123)] NtOpenThread: {Access Denied} A process has requested access to an object, but has not been granted those access rights. (0xc0000022)
[1023/232517.938:ERROR:exception_snapshot_win.cc(99)] thread ID 18704 not found in process
[1023/232517.980:ERROR:process_reader_win.cc(151)] SuspendThread: Access is denied. (0x5)
[1023/232517.980:ERROR:process_reader_win.cc(151)] SuspendThread: Access is denied. (0x5)
[1023/232517.980:ERROR:process_reader_win.cc(151)] SuspendThread: Access is denied. (0x5)
[1023/232517.980:ERROR:process_reader_win.cc(151)] SuspendThread: Access is denied. (0x5)
[1023/232517.980:ERROR:process_reader_win.cc(151)] SuspendThread: Access is denied. (0x5)
[1023/232517.980:ERROR:process_reader_win.cc(151)] SuspendThread: Access is denied. (0x5)
[1023/232517.980:ERROR:process_reader_win.cc(151)] SuspendThread: Access is denied. (0x5)
[1023/232517.980:ERROR:process_reader_win.cc(151)] SuspendThread: Access is denied. (0x5)
[1023/232517.980:ERROR:process_reader_win.cc(151)] SuspendThread: Access is denied. (0x5)
[1023/232517.981:ERROR:process_reader_win.cc(151)] SuspendThread: Access is denied. (0x5)
[1023/232517.981:ERROR:process_reader_win.cc(123)] NtOpenThread: {Access Denied} A process has requested access to an object, but has not been granted those access rights. (0xc0000022)
[1023/232517.981:ERROR:exception_snapshot_win.cc(99)] thread ID 19720 not found in process
[1023/232518.090:ERROR:process_reader_win.cc(151)] SuspendThread: Access is denied. (0x5)
[1023/232518.090:ERROR:process_reader_win.cc(151)] SuspendThread: Access is denied. (0x5)
[1023/232518.090:ERROR:process_reader_win.cc(151)] SuspendThread: Access is denied. (0x5)
[1023/232518.090:ERROR:process_reader_win.cc(151)] SuspendThread: Access is denied. (0x5)
[1023/232518.090:ERROR:process_reader_win.cc(151)] SuspendThread: Access is denied. (0x5)
[1023/232518.090:ERROR:process_reader_win.cc(151)] SuspendThread: Access is denied. (0x5)
[1023/232518.090:ERROR:process_reader_win.cc(151)] SuspendThread: Access is denied. (0x5)
[1023/232518.090:ERROR:process_reader_win.cc(151)] SuspendThread: Access is denied. (0x5)
[1023/232518.090:ERROR:process_reader_win.cc(151)] SuspendThread: Access is denied. (0x5)
[1023/232518.090:ERROR:process_reader_win.cc(123)] NtOpenThread: {Access Denied} A process has requested access to an object, but has not been granted those access rights. (0xc0000022)
[1023/232518.090:ERROR:exception_snapshot_win.cc(99)] thread ID 1520 not found in process
[1024/140220.730:ERROR:directory_reader_win.cc(43)] FindFirstFile: The system cannot find the path specified. (0x3)
[1027/215823.580:ERROR:directory_reader_win.cc(43)] FindFirstFile: The system cannot find the path specified. (0x3)
[1027/215943.294:ERROR:directory_reader_win.cc(43)] FindFirstFile: The system cannot find the path specified. (0x3)
[1027/220346.877:ERROR:directory_reader_win.cc(43)] FindFirstFile: The system cannot find the path specified. (0x3)
[1028/223314.055:ERROR:directory_reader_win.cc(43)] FindFirstFile: The system cannot find the path specified. (0x3)
[1028/223503.760:ERROR:directory_reader_win.cc(43)] FindFirstFile: The system cannot find the path specified. (0x3)
[1028/224205.007:ERROR:directory_reader_win.cc(43)] FindFirstFile: The system cannot find the path specified. (0x3)
[1030/152001.700:ERROR:file_io_win.cc(180)] CreateFile C:\Users\THISMC~1\AppData\Local\Temp\scoped_dir11052_1681099627\Crashpad\settings.dat: The process cannot access the file because it is being used by another process. (0x20)
[1030/152417.488:ERROR:directory_reader_win.cc(43)] FindFirstFile: The system cannot find the path specified. (0x3)
[1030/152547.224:ERROR:directory_reader_win.cc(43)] FindFirstFile: The system cannot find the path specified. (0x3)
[1030/153001.739:ERROR:directory_reader_win.cc(43)] FindFirstFile: The system cannot find the path specified. (0x3)
[1030/154406.724:ERROR:directory_reader_win.cc(43)] FindFirstFile: The system cannot find the path specified. (0x3)
[1030/154614.637:ERROR:directory_reader_win.cc(43)] FindFirstFile: The system cannot find the path specified. (0x3)
[1030/155557.827:ERROR:directory_reader_win.cc(43)] FindFirstFile: The system cannot find the path specified. (0x3)
[1030/160116.524:ERROR:directory_reader_win.cc(43)] FindFirstFile: The system cannot find the path specified. (0x3)
[1030/162837.515:ERROR:directory_reader_win.cc(43)] FindFirstFile: The system cannot find the path specified. (0x3)
[1030/163047.353:ERROR:directory_reader_win.cc(43)] FindFirstFile: The system cannot find the path specified. (0x3)
[1030/163428.947:ERROR:directory_reader_win.cc(43)] FindFirstFile: The system cannot find the path specified. (0x3)
[1030/165125.012:ERROR:directory_reader_win.cc(43)] FindFirstFile: The system cannot find the path specified. (0x3)
[1030/172447.613:ERROR:directory_reader_win.cc(43)] FindFirstFile: The system cannot find the path specified. (0x3)
[1030/173003.536:ERROR:directory_reader_win.cc(43)] FindFirstFile: The system cannot find the path specified. (0x3)
[1030/173103.209:ERROR:directory_reader_win.cc(43)] FindFirstFile: The system cannot find the path specified. (0x3)
[1030/223632.825:ERROR:directory_reader_win.cc(43)] FindFirstFile: The system cannot find the path specified. (0x3)
[1030/225430.712:ERROR:file_io_win.cc(180)] CreateFile C:\Users\THISMC~1\AppData\Local\Temp\scoped_dir11616_1648445990\Crashpad\settings.dat: The process cannot access the file because it is being used by another process. (0x20)
[1030/225647.654:ERROR:directory_reader_win.cc(43)] FindFirstFile: The system cannot find the path specified. (0x3)
[1030/232110.884:ERROR:directory_reader_win.cc(43)] FindFirstFile: The system cannot find the path specified. (0x3)
[1030/233935.437:ERROR:directory_reader_win.cc(43)] FindFirstFile: The system cannot find the path specified. (0x3)
[1031/091952.567:ERROR:directory_reader_win.cc(43)] FindFirstFile: The system cannot find the path specified. (0x3)
[1031/093744.050:ERROR:directory_reader_win.cc(43)] FindFirstFile: The system cannot find the path specified. (0x3)
[1031/094735.789:ERROR:directory_reader_win.cc(43)] FindFirstFile: The system cannot find the path specified. (0x3)
[1031/094929.410:ERROR:directory_reader_win.cc(43)] FindFirstFile: The system cannot find the path specified. (0x3)
[1031/100144.708:ERROR:directory_reader_win.cc(43)] FindFirstFile: The system cannot find the path specified. (0x3)
[1031/101600.783:ERROR:directory_reader_win.cc(43)] FindFirstFile: The system cannot find the path specified. (0x3)
[1031/101708.449:ERROR:directory_reader_win.cc(43)] FindFirstFile: The system cannot find the path specified. (0x3)
[1031/102344.932:ERROR:file_io_win.cc(180)] CreateFile C:\Users\THISMC~1\AppData\Local\Temp\scoped_dir1476_2022527029\Crashpad\settings.dat: The process cannot access the file because it is being used by another process. (0x20)
[1031/103344.929:ERROR:directory_reader_win.cc(43)] FindFirstFile: The system cannot find the path specified. (0x3)
[1031/104820.739:ERROR:directory_reader_win.cc(43)] FindFirstFile: The system cannot find the path specified. (0x3)
[1102/104759.220:ERROR:directory_reader_win.cc(43)] FindFirstFile: The system cannot find the path specified. (0x3)
[1102/105650.369:ERROR:directory_reader_win.cc(43)] FindFirstFile: The system cannot find the path specified. (0x3)
[1102/111631.800:ERROR:directory_reader_win.cc(43)] FindFirstFile: The system cannot find the path specified. (0x3)
[1102/112458.716:ERROR:file_io_win.cc(180)] CreateFile C:\Users\THISMC~1\AppData\Local\Temp\scoped_dir1652_1274482082\Crashpad\settings.dat: The process cannot access the file because it is being used by another process. (0x20)
[1102/114001.385:ERROR:directory_reader_win.cc(43)] FindFirstFile: The system cannot find the path specified. (0x3)
[1102/115120.819:ERROR:directory_reader_win.cc(43)] FindFirstFile: The system cannot find the path specified. (0x3)
[1102/115545.459:ERROR:directory_reader_win.cc(43)] FindFirstFile: The system cannot find the path specified. (0x3)
